2024-08-21T00:30:55.696+05:30  INFO 22404 --- [production-ready-features] [main] .ProductionReadyFeaturesApplicationTests : Starting ProductionReadyFeaturesApplicationTests using Java 20.0.1 with PID 22404 (started by harsh in C:\Users\harsh\Downloads\production-ready-features)
2024-08-21T00:30:55.704+05:30  INFO 22404 --- [production-ready-features] [main] .ProductionReadyFeaturesApplicationTests : No active profile set, falling back to 1 default profile: "default"
2024-08-21T00:30:57.242+05:30  INFO 22404 --- [production-ready-features] [main] .s.d.r.c.RepositoryConfigurationDelegate : Bootstrapping Spring Data JPA repositories in DEFAULT mode.
2024-08-21T00:30:57.368+05:30  INFO 22404 --- [production-ready-features] [main] .s.d.r.c.RepositoryConfigurationDelegate : Finished Spring Data repository scanning in 114 ms. Found 1 JPA repository interface.
2024-08-21T00:30:58.641+05:30  INFO 22404 --- [production-ready-features] [main] o.hibernate.jpa.internal.util.LogHelper  : HHH000204: Processing PersistenceUnitInfo [name: default]
2024-08-21T00:30:58.757+05:30  INFO 22404 --- [production-ready-features] [main] org.hibernate.Version                    : HHH000412: Hibernate ORM core version 6.5.2.Final
2024-08-21T00:30:58.836+05:30  INFO 22404 --- [production-ready-features] [main] o.h.c.internal.RegionFactoryInitiator    : HHH000026: Second-level cache disabled
2024-08-21T00:30:59.101+05:30  INFO 22404 --- [production-ready-features] [main] o.h.e.boot.internal.EnversServiceImpl    : Envers integration enabled? : true
2024-08-21T00:30:59.447+05:30  INFO 22404 --- [production-ready-features] [main] o.s.o.j.p.SpringPersistenceUnitInfo      : No LoadTimeWeaver setup: ignoring JPA class transformer
2024-08-21T00:30:59.493+05:30  INFO 22404 --- [production-ready-features] [main] com.zaxxer.hikari.HikariDataSource       : HikariPool-1 - Starting...
2024-08-21T00:30:59.669+05:30  INFO 22404 --- [production-ready-features] [main] com.zaxxer.hikari.pool.HikariPool        : HikariPool-1 - Added connection com.mysql.cj.jdbc.ConnectionImpl@3ec7eb5
2024-08-21T00:30:59.672+05:30  INFO 22404 --- [production-ready-features] [main] com.zaxxer.hikari.HikariDataSource       : HikariPool-1 - Start completed.
2024-08-21T00:31:00.032+05:30  INFO 22404 --- [production-ready-features] [main] o.h.e.c.i.m.AuditMetadataGenerator       : Adding properties for entity: com.example.production_ready_features.entities.PostEntity
2024-08-21T00:31:00.987+05:30 ERROR 22404 --- [production-ready-features] [main] o.h.metamodel.internal.MetadataContext   : HHH015007: Illegal argument on static metamodel field injection : org.hibernate.envers.DefaultRevisionEntity_#class_; expected type :  org.hibernate.metamodel.model.domain.internal.EntityTypeImpl; encountered type : jakarta.persistence.metamodel.MappedSuperclassType
2024-08-21T00:31:00.993+05:30  INFO 22404 --- [production-ready-features] [main] o.h.e.t.j.p.i.JtaPlatformInitiator       : HHH000489: No JTA platform available (set 'hibernate.transaction.jta.platform' to enable JTA platform integration)
2024-08-21T00:31:01.094+05:30  INFO 22404 --- [production-ready-features] [main] j.LocalContainerEntityManagerFactoryBean : Initialized JPA EntityManagerFactory for persistence unit 'default'
2024-08-21T00:31:02.001+05:30  WARN 22404 --- [production-ready-features] [main] JpaBaseConfiguration$JpaWebConfiguration : spring.jpa.open-in-view is enabled by default. Therefore, database queries may be performed during view rendering. Explicitly configure spring.jpa.open-in-view to disable this warning
2024-08-21T00:31:03.097+05:30  INFO 22404 --- [production-ready-features] [main] o.s.b.a.e.web.EndpointLinksResolver      : Exposing 1 endpoint beneath base path '/actuator'
2024-08-21T00:31:03.267+05:30  INFO 22404 --- [production-ready-features] [main] .ProductionReadyFeaturesApplicationTests : Started ProductionReadyFeaturesApplicationTests in 8.104 seconds (process running for 9.623)
2024-08-21T00:31:03.998+05:30 TRACE 22404 --- [production-ready-features] [main] c.e.p.c.i.EmployeeClientImpl             : trying to create employee by information: EmployeeDTO(id=null, name=Harsh, age=20, role=USER, joiningdata=2020-12-01, isActive=true)
2024-08-21T00:31:04.235+05:30 TRACE 22404 --- [production-ready-features] [main] c.e.p.c.i.EmployeeClientImpl             : successfully created a new employeee: ApiResponse(data=EmployeeDTO(id=3, name=Harsh, age=20, role=USER, joiningdata=2020-12-01, isActive=true), error=null, timestamp=2024-08-21T00:31:04.162905800)
2024-08-21T00:31:04.254+05:30 TRACE 22404 --- [production-ready-features] [main] c.e.p.c.i.EmployeeClientImpl             : trying to get employee by id with id: 1
2024-08-21T00:31:04.268+05:30 TRACE 22404 --- [production-ready-features] [main] c.e.p.c.i.EmployeeClientImpl             : trying to retrieve all employees 
2024-08-21T00:31:04.284+05:30 DEBUG 22404 --- [production-ready-features] [main] c.e.p.c.i.EmployeeClientImpl             : Successfully retrieved employees in getAllEmployees
2024-08-21T00:31:04.284+05:30 TRACE 22404 --- [production-ready-features] [main] c.e.p.c.i.EmployeeClientImpl             : Retrieved employees list [EmployeeDTO(id=1, name=Harsh, age=20, role=USER, joiningdata=2020-12-01, isActive=true), EmployeeDTO(id=2, name=Harsh, age=20, role=USER, joiningdata=2020-12-01, isActive=true), EmployeeDTO(id=3, name=Harsh, age=20, role=USER, joiningdata=2020-12-01, isActive=true)]
2024-08-21T00:31:04.298+05:30  INFO 22404 --- [production-ready-features] [SpringApplicationShutdownHook] j.LocalContainerEntityManagerFactoryBean : Closing JPA EntityManagerFactory for persistence unit 'default'
2024-08-21T00:31:04.301+05:30  INFO 22404 --- [production-ready-features] [SpringApplicationShutdownHook] com.zaxxer.hikari.HikariDataSource       : HikariPool-1 - Shutdown initiated...
2024-08-21T00:31:04.317+05:30  INFO 22404 --- [production-ready-features] [SpringApplicationShutdownHook] com.zaxxer.hikari.HikariDataSource       : HikariPool-1 - Shutdown completed.
2024-08-21T00:33:14.772+05:30  INFO 21168 --- [production-ready-features] [restartedMain] c.e.p.ProductionReadyFeaturesApplication : Starting ProductionReadyFeaturesApplication using Java 20.0.1 with PID 21168 (C:\Users\harsh\Downloads\production-ready-features\target\classes started by harsh in C:\Users\harsh\Downloads\production-ready-features)
2024-08-21T00:33:14.775+05:30  INFO 21168 --- [production-ready-features] [restartedMain] c.e.p.ProductionReadyFeaturesApplication : No active profile set, falling back to 1 default profile: "default"
2024-08-21T00:33:14.864+05:30  INFO 21168 --- [production-ready-features] [restartedMain] .e.DevToolsPropertyDefaultsPostProcessor : Devtools property defaults active! Set 'spring.devtools.add-properties' to 'false' to disable
2024-08-21T00:33:14.865+05:30  INFO 21168 --- [production-ready-features] [restartedMain] .e.DevToolsPropertyDefaultsPostProcessor : For additional web related logging consider setting the 'logging.level.web' property to 'DEBUG'
2024-08-21T00:33:16.187+05:30  INFO 21168 --- [production-ready-features] [restartedMain] .s.d.r.c.RepositoryConfigurationDelegate : Bootstrapping Spring Data JPA repositories in DEFAULT mode.
2024-08-21T00:33:16.258+05:30  INFO 21168 --- [production-ready-features] [restartedMain] .s.d.r.c.RepositoryConfigurationDelegate : Finished Spring Data repository scanning in 64 ms. Found 1 JPA repository interface.
2024-08-21T00:33:17.341+05:30  INFO 21168 --- [production-ready-features] [restartedMain] o.s.b.w.embedded.tomcat.TomcatWebServer  : Tomcat initialized with port 9000 (http)
2024-08-21T00:33:17.359+05:30  INFO 21168 --- [production-ready-features] [restartedMain] o.apache.catalina.core.StandardService   : Starting service [Tomcat]
2024-08-21T00:33:17.359+05:30  INFO 21168 --- [production-ready-features] [restartedMain] o.apache.catalina.core.StandardEngine    : Starting Servlet engine: [Apache Tomcat/10.1.26]
2024-08-21T00:33:17.413+05:30  INFO 21168 --- [production-ready-features] [restartedMain] o.a.c.c.C.[Tomcat].[localhost].[/]       : Initializing Spring embedded WebApplicationContext
2024-08-21T00:33:17.414+05:30  INFO 21168 --- [production-ready-features] [restartedMain] w.s.c.ServletWebServerApplicationContext : Root WebApplicationContext: initialization completed in 2549 ms
2024-08-21T00:33:17.885+05:30  INFO 21168 --- [production-ready-features] [restartedMain] o.hibernate.jpa.internal.util.LogHelper  : HHH000204: Processing PersistenceUnitInfo [name: default]
2024-08-21T00:33:18.010+05:30  INFO 21168 --- [production-ready-features] [restartedMain] org.hibernate.Version                    : HHH000412: Hibernate ORM core version 6.5.2.Final
2024-08-21T00:33:18.062+05:30  INFO 21168 --- [production-ready-features] [restartedMain] o.h.c.internal.RegionFactoryInitiator    : HHH000026: Second-level cache disabled
2024-08-21T00:33:18.207+05:30  INFO 21168 --- [production-ready-features] [restartedMain] o.h.e.boot.internal.EnversServiceImpl    : Envers integration enabled? : true
2024-08-21T00:33:18.488+05:30  INFO 21168 --- [production-ready-features] [restartedMain] o.s.o.j.p.SpringPersistenceUnitInfo      : No LoadTimeWeaver setup: ignoring JPA class transformer
2024-08-21T00:33:18.519+05:30  INFO 21168 --- [production-ready-features] [restartedMain] com.zaxxer.hikari.HikariDataSource       : HikariPool-1 - Starting...
2024-08-21T00:33:18.683+05:30  INFO 21168 --- [production-ready-features] [restartedMain] com.zaxxer.hikari.pool.HikariPool        : HikariPool-1 - Added connection com.mysql.cj.jdbc.ConnectionImpl@38e6cc6f
2024-08-21T00:33:18.686+05:30  INFO 21168 --- [production-ready-features] [restartedMain] com.zaxxer.hikari.HikariDataSource       : HikariPool-1 - Start completed.
2024-08-21T00:33:19.076+05:30  INFO 21168 --- [production-ready-features] [restartedMain] o.h.e.c.i.m.AuditMetadataGenerator       : Adding properties for entity: com.example.production_ready_features.entities.PostEntity
2024-08-21T00:33:19.840+05:30 ERROR 21168 --- [production-ready-features] [restartedMain] o.h.metamodel.internal.MetadataContext   : HHH015007: Illegal argument on static metamodel field injection : org.hibernate.envers.DefaultRevisionEntity_#class_; expected type :  org.hibernate.metamodel.model.domain.internal.EntityTypeImpl; encountered type : jakarta.persistence.metamodel.MappedSuperclassType
2024-08-21T00:33:19.843+05:30  INFO 21168 --- [production-ready-features] [restartedMain] o.h.e.t.j.p.i.JtaPlatformInitiator       : HHH000489: No JTA platform available (set 'hibernate.transaction.jta.platform' to enable JTA platform integration)
2024-08-21T00:33:19.927+05:30  INFO 21168 --- [production-ready-features] [restartedMain] j.LocalContainerEntityManagerFactoryBean : Initialized JPA EntityManagerFactory for persistence unit 'default'
2024-08-21T00:33:20.743+05:30  WARN 21168 --- [production-ready-features] [restartedMain] JpaBaseConfiguration$JpaWebConfiguration : spring.jpa.open-in-view is enabled by default. Therefore, database queries may be performed during view rendering. Explicitly configure spring.jpa.open-in-view to disable this warning
2024-08-21T00:33:21.773+05:30  INFO 21168 --- [production-ready-features] [restartedMain] o.s.b.d.a.OptionalLiveReloadServer       : LiveReload server is running on port 35729
2024-08-21T00:33:21.793+05:30  INFO 21168 --- [production-ready-features] [restartedMain] o.s.b.a.e.web.EndpointLinksResolver      : Exposing 1 endpoint beneath base path '/actuator'
2024-08-21T00:33:21.890+05:30  INFO 21168 --- [production-ready-features] [restartedMain] o.s.b.w.embedded.tomcat.TomcatWebServer  : Tomcat started on port 9000 (http) with context path '/'
2024-08-21T00:33:21.912+05:30  INFO 21168 --- [production-ready-features] [restartedMain] c.e.p.ProductionReadyFeaturesApplication : Started ProductionReadyFeaturesApplication in 7.79 seconds (process running for 8.405)
2024-08-21T00:33:27.412+05:30  INFO 21168 --- [production-ready-features] [http-nio-9000-exec-1] o.a.c.c.C.[Tomcat].[localhost].[/]       : Initializing Spring DispatcherServlet 'dispatcherServlet'
2024-08-21T00:33:27.413+05:30  INFO 21168 --- [production-ready-features] [http-nio-9000-exec-1] o.s.web.servlet.DispatcherServlet        : Initializing Servlet 'dispatcherServlet'
2024-08-21T00:33:27.414+05:30  INFO 21168 --- [production-ready-features] [http-nio-9000-exec-1] o.s.web.servlet.DispatcherServlet        : Completed initialization in 1 ms
2024-08-21T00:36:51.262+05:30  INFO 21168 --- [production-ready-features] [SpringApplicationShutdownHook] j.LocalContainerEntityManagerFactoryBean : Closing JPA EntityManagerFactory for persistence unit 'default'
2024-08-21T00:36:51.269+05:30  INFO 21168 --- [production-ready-features] [SpringApplicationShutdownHook] com.zaxxer.hikari.HikariDataSource       : HikariPool-1 - Shutdown initiated...
2024-08-21T00:36:51.289+05:30  INFO 21168 --- [production-ready-features] [SpringApplicationShutdownHook] com.zaxxer.hikari.HikariDataSource       : HikariPool-1 - Shutdown completed.
2024-08-21T00:36:54.072+05:30  INFO 32180 --- [production-ready-features] [restartedMain] c.e.p.ProductionReadyFeaturesApplication : Starting ProductionReadyFeaturesApplication using Java 20.0.1 with PID 32180 (C:\Users\harsh\Downloads\production-ready-features\target\classes started by harsh in C:\Users\harsh\Downloads\production-ready-features)
2024-08-21T00:36:54.076+05:30  INFO 32180 --- [production-ready-features] [restartedMain] c.e.p.ProductionReadyFeaturesApplication : No active profile set, falling back to 1 default profile: "default"
2024-08-21T00:36:54.158+05:30  INFO 32180 --- [production-ready-features] [restartedMain] .e.DevToolsPropertyDefaultsPostProcessor : Devtools property defaults active! Set 'spring.devtools.add-properties' to 'false' to disable
2024-08-21T00:36:54.158+05:30  INFO 32180 --- [production-ready-features] [restartedMain] .e.DevToolsPropertyDefaultsPostProcessor : For additional web related logging consider setting the 'logging.level.web' property to 'DEBUG'
2024-08-21T00:36:56.052+05:30  INFO 32180 --- [production-ready-features] [restartedMain] .s.d.r.c.RepositoryConfigurationDelegate : Bootstrapping Spring Data JPA repositories in DEFAULT mode.
2024-08-21T00:36:56.158+05:30  INFO 32180 --- [production-ready-features] [restartedMain] .s.d.r.c.RepositoryConfigurationDelegate : Finished Spring Data repository scanning in 95 ms. Found 1 JPA repository interface.
2024-08-21T00:36:57.711+05:30  INFO 32180 --- [production-ready-features] [restartedMain] o.s.b.w.embedded.tomcat.TomcatWebServer  : Tomcat initialized with port 9000 (http)
2024-08-21T00:36:57.739+05:30  INFO 32180 --- [production-ready-features] [restartedMain] o.apache.catalina.core.StandardService   : Starting service [Tomcat]
2024-08-21T00:36:57.741+05:30  INFO 32180 --- [production-ready-features] [restartedMain] o.apache.catalina.core.StandardEngine    : Starting Servlet engine: [Apache Tomcat/10.1.26]
2024-08-21T00:36:57.861+05:30  INFO 32180 --- [production-ready-features] [restartedMain] o.a.c.c.C.[Tomcat].[localhost].[/]       : Initializing Spring embedded WebApplicationContext
2024-08-21T00:36:57.861+05:30  INFO 32180 --- [production-ready-features] [restartedMain] w.s.c.ServletWebServerApplicationContext : Root WebApplicationContext: initialization completed in 3703 ms
2024-08-21T00:36:58.503+05:30  INFO 32180 --- [production-ready-features] [restartedMain] o.hibernate.jpa.internal.util.LogHelper  : HHH000204: Processing PersistenceUnitInfo [name: default]
2024-08-21T00:36:58.642+05:30  INFO 32180 --- [production-ready-features] [restartedMain] org.hibernate.Version                    : HHH000412: Hibernate ORM core version 6.5.2.Final
2024-08-21T00:36:58.697+05:30  INFO 32180 --- [production-ready-features] [restartedMain] o.h.c.internal.RegionFactoryInitiator    : HHH000026: Second-level cache disabled
2024-08-21T00:36:58.872+05:30  INFO 32180 --- [production-ready-features] [restartedMain] o.h.e.boot.internal.EnversServiceImpl    : Envers integration enabled? : true
2024-08-21T00:36:59.254+05:30  INFO 32180 --- [production-ready-features] [restartedMain] o.s.o.j.p.SpringPersistenceUnitInfo      : No LoadTimeWeaver setup: ignoring JPA class transformer
2024-08-21T00:36:59.302+05:30  INFO 32180 --- [production-ready-features] [restartedMain] com.zaxxer.hikari.HikariDataSource       : HikariPool-1 - Starting...
2024-08-21T00:36:59.503+05:30  INFO 32180 --- [production-ready-features] [restartedMain] com.zaxxer.hikari.pool.HikariPool        : HikariPool-1 - Added connection com.mysql.cj.jdbc.ConnectionImpl@5a27dfd6
2024-08-21T00:36:59.505+05:30  INFO 32180 --- [production-ready-features] [restartedMain] com.zaxxer.hikari.HikariDataSource       : HikariPool-1 - Start completed.
2024-08-21T00:36:59.947+05:30  INFO 32180 --- [production-ready-features] [restartedMain] o.h.e.c.i.m.AuditMetadataGenerator       : Adding properties for entity: com.example.production_ready_features.entities.PostEntity
2024-08-21T00:37:01.058+05:30 ERROR 32180 --- [production-ready-features] [restartedMain] o.h.metamodel.internal.MetadataContext   : HHH015007: Illegal argument on static metamodel field injection : org.hibernate.envers.DefaultRevisionEntity_#class_; expected type :  org.hibernate.metamodel.model.domain.internal.EntityTypeImpl; encountered type : jakarta.persistence.metamodel.MappedSuperclassType
2024-08-21T00:37:01.066+05:30  INFO 32180 --- [production-ready-features] [restartedMain] o.h.e.t.j.p.i.JtaPlatformInitiator       : HHH000489: No JTA platform available (set 'hibernate.transaction.jta.platform' to enable JTA platform integration)
2024-08-21T00:37:01.204+05:30  INFO 32180 --- [production-ready-features] [restartedMain] j.LocalContainerEntityManagerFactoryBean : Initialized JPA EntityManagerFactory for persistence unit 'default'
2024-08-21T00:37:02.396+05:30  WARN 32180 --- [production-ready-features] [restartedMain] JpaBaseConfiguration$JpaWebConfiguration : spring.jpa.open-in-view is enabled by default. Therefore, database queries may be performed during view rendering. Explicitly configure spring.jpa.open-in-view to disable this warning
2024-08-21T00:37:03.487+05:30  INFO 32180 --- [production-ready-features] [restartedMain] o.s.b.d.a.OptionalLiveReloadServer       : LiveReload server is running on port 35729
2024-08-21T00:37:03.510+05:30  INFO 32180 --- [production-ready-features] [restartedMain] o.s.b.a.e.web.EndpointLinksResolver      : Exposing 1 endpoint beneath base path '/actuator'
2024-08-21T00:37:03.631+05:30  INFO 32180 --- [production-ready-features] [restartedMain] o.s.b.w.embedded.tomcat.TomcatWebServer  : Tomcat started on port 9000 (http) with context path '/'
2024-08-21T00:37:03.653+05:30  INFO 32180 --- [production-ready-features] [restartedMain] c.e.p.ProductionReadyFeaturesApplication : Started ProductionReadyFeaturesApplication in 10.371 seconds (process running for 11.496)
2024-08-21T00:37:17.618+05:30  INFO 32180 --- [production-ready-features] [http-nio-9000-exec-1] o.a.c.c.C.[Tomcat].[localhost].[/]       : Initializing Spring DispatcherServlet 'dispatcherServlet'
2024-08-21T00:37:17.618+05:30  INFO 32180 --- [production-ready-features] [http-nio-9000-exec-1] o.s.web.servlet.DispatcherServlet        : Initializing Servlet 'dispatcherServlet'
2024-08-21T00:37:17.619+05:30  INFO 32180 --- [production-ready-features] [http-nio-9000-exec-1] o.s.web.servlet.DispatcherServlet        : Completed initialization in 1 ms
2024-08-21T00:38:10.167+05:30  INFO 32180 --- [production-ready-features] [SpringApplicationShutdownHook] j.LocalContainerEntityManagerFactoryBean : Closing JPA EntityManagerFactory for persistence unit 'default'
2024-08-21T00:38:10.170+05:30  INFO 32180 --- [production-ready-features] [SpringApplicationShutdownHook] com.zaxxer.hikari.HikariDataSource       : HikariPool-1 - Shutdown initiated...
2024-08-21T00:38:10.178+05:30  INFO 32180 --- [production-ready-features] [SpringApplicationShutdownHook] com.zaxxer.hikari.HikariDataSource       : HikariPool-1 - Shutdown completed.
2024-08-21T00:38:12.516+05:30  INFO 13584 --- [production-ready-features] [restartedMain] c.e.p.ProductionReadyFeaturesApplication : Starting ProductionReadyFeaturesApplication using Java 20.0.1 with PID 13584 (C:\Users\harsh\Downloads\production-ready-features\target\classes started by harsh in C:\Users\harsh\Downloads\production-ready-features)
2024-08-21T00:38:12.522+05:30  INFO 13584 --- [production-ready-features] [restartedMain] c.e.p.ProductionReadyFeaturesApplication : No active profile set, falling back to 1 default profile: "default"
2024-08-21T00:38:12.604+05:30  INFO 13584 --- [production-ready-features] [restartedMain] .e.DevToolsPropertyDefaultsPostProcessor : Devtools property defaults active! Set 'spring.devtools.add-properties' to 'false' to disable
2024-08-21T00:38:12.604+05:30  INFO 13584 --- [production-ready-features] [restartedMain] .e.DevToolsPropertyDefaultsPostProcessor : For additional web related logging consider setting the 'logging.level.web' property to 'DEBUG'
2024-08-21T00:38:14.213+05:30  INFO 13584 --- [production-ready-features] [restartedMain] .s.d.r.c.RepositoryConfigurationDelegate : Bootstrapping Spring Data JPA repositories in DEFAULT mode.
2024-08-21T00:38:14.297+05:30  INFO 13584 --- [production-ready-features] [restartedMain] .s.d.r.c.RepositoryConfigurationDelegate : Finished Spring Data repository scanning in 72 ms. Found 1 JPA repository interface.
2024-08-21T00:38:15.743+05:30  INFO 13584 --- [production-ready-features] [restartedMain] o.s.b.w.embedded.tomcat.TomcatWebServer  : Tomcat initialized with port 9000 (http)
2024-08-21T00:38:15.764+05:30  INFO 13584 --- [production-ready-features] [restartedMain] o.apache.catalina.core.StandardService   : Starting service [Tomcat]
2024-08-21T00:38:15.764+05:30  INFO 13584 --- [production-ready-features] [restartedMain] o.apache.catalina.core.StandardEngine    : Starting Servlet engine: [Apache Tomcat/10.1.26]
2024-08-21T00:38:15.843+05:30  INFO 13584 --- [production-ready-features] [restartedMain] o.a.c.c.C.[Tomcat].[localhost].[/]       : Initializing Spring embedded WebApplicationContext
2024-08-21T00:38:15.844+05:30  INFO 13584 --- [production-ready-features] [restartedMain] w.s.c.ServletWebServerApplicationContext : Root WebApplicationContext: initialization completed in 3240 ms
2024-08-21T00:38:16.448+05:30  INFO 13584 --- [production-ready-features] [restartedMain] o.hibernate.jpa.internal.util.LogHelper  : HHH000204: Processing PersistenceUnitInfo [name: default]
2024-08-21T00:38:16.582+05:30  INFO 13584 --- [production-ready-features] [restartedMain] org.hibernate.Version                    : HHH000412: Hibernate ORM core version 6.5.2.Final
2024-08-21T00:38:16.636+05:30  INFO 13584 --- [production-ready-features] [restartedMain] o.h.c.internal.RegionFactoryInitiator    : HHH000026: Second-level cache disabled
2024-08-21T00:38:16.767+05:30  INFO 13584 --- [production-ready-features] [restartedMain] o.h.e.boot.internal.EnversServiceImpl    : Envers integration enabled? : true
2024-08-21T00:38:17.034+05:30  INFO 13584 --- [production-ready-features] [restartedMain] o.s.o.j.p.SpringPersistenceUnitInfo      : No LoadTimeWeaver setup: ignoring JPA class transformer
2024-08-21T00:38:17.056+05:30  INFO 13584 --- [production-ready-features] [restartedMain] com.zaxxer.hikari.HikariDataSource       : HikariPool-1 - Starting...
2024-08-21T00:38:17.195+05:30  INFO 13584 --- [production-ready-features] [restartedMain] com.zaxxer.hikari.pool.HikariPool        : HikariPool-1 - Added connection com.mysql.cj.jdbc.ConnectionImpl@78d65c3e
2024-08-21T00:38:17.197+05:30  INFO 13584 --- [production-ready-features] [restartedMain] com.zaxxer.hikari.HikariDataSource       : HikariPool-1 - Start completed.
2024-08-21T00:38:17.494+05:30  INFO 13584 --- [production-ready-features] [restartedMain] o.h.e.c.i.m.AuditMetadataGenerator       : Adding properties for entity: com.example.production_ready_features.entities.PostEntity
2024-08-21T00:38:18.278+05:30 ERROR 13584 --- [production-ready-features] [restartedMain] o.h.metamodel.internal.MetadataContext   : HHH015007: Illegal argument on static metamodel field injection : org.hibernate.envers.DefaultRevisionEntity_#class_; expected type :  org.hibernate.metamodel.model.domain.internal.EntityTypeImpl; encountered type : jakarta.persistence.metamodel.MappedSuperclassType
2024-08-21T00:38:18.283+05:30  INFO 13584 --- [production-ready-features] [restartedMain] o.h.e.t.j.p.i.JtaPlatformInitiator       : HHH000489: No JTA platform available (set 'hibernate.transaction.jta.platform' to enable JTA platform integration)
2024-08-21T00:38:18.378+05:30  INFO 13584 --- [production-ready-features] [restartedMain] j.LocalContainerEntityManagerFactoryBean : Initialized JPA EntityManagerFactory for persistence unit 'default'
2024-08-21T00:38:19.132+05:30  WARN 13584 --- [production-ready-features] [restartedMain] JpaBaseConfiguration$JpaWebConfiguration : spring.jpa.open-in-view is enabled by default. Therefore, database queries may be performed during view rendering. Explicitly configure spring.jpa.open-in-view to disable this warning
2024-08-21T00:38:20.332+05:30  INFO 13584 --- [production-ready-features] [restartedMain] o.s.b.d.a.OptionalLiveReloadServer       : LiveReload server is running on port 35729
2024-08-21T00:38:20.356+05:30  INFO 13584 --- [production-ready-features] [restartedMain] o.s.b.a.e.web.EndpointLinksResolver      : Exposing 15 endpoints beneath base path '/actuator'
2024-08-21T00:38:20.496+05:30  INFO 13584 --- [production-ready-features] [restartedMain] o.s.b.w.embedded.tomcat.TomcatWebServer  : Tomcat started on port 9000 (http) with context path '/'
2024-08-21T00:38:20.518+05:30  INFO 13584 --- [production-ready-features] [restartedMain] c.e.p.ProductionReadyFeaturesApplication : Started ProductionReadyFeaturesApplication in 8.569 seconds (process running for 9.33)
2024-08-21T00:38:28.310+05:30  INFO 13584 --- [production-ready-features] [http-nio-9000-exec-1] o.a.c.c.C.[Tomcat].[localhost].[/]       : Initializing Spring DispatcherServlet 'dispatcherServlet'
2024-08-21T00:38:28.311+05:30  INFO 13584 --- [production-ready-features] [http-nio-9000-exec-1] o.s.web.servlet.DispatcherServlet        : Initializing Servlet 'dispatcherServlet'
2024-08-21T00:38:28.312+05:30  INFO 13584 --- [production-ready-features] [http-nio-9000-exec-1] o.s.web.servlet.DispatcherServlet        : Completed initialization in 1 ms
2024-08-21T00:43:05.590+05:30  INFO 13584 --- [production-ready-features] [SpringApplicationShutdownHook] j.LocalContainerEntityManagerFactoryBean : Closing JPA EntityManagerFactory for persistence unit 'default'
2024-08-21T00:43:05.594+05:30  INFO 13584 --- [production-ready-features] [SpringApplicationShutdownHook] com.zaxxer.hikari.HikariDataSource       : HikariPool-1 - Shutdown initiated...
2024-08-21T00:43:05.603+05:30  INFO 13584 --- [production-ready-features] [SpringApplicationShutdownHook] com.zaxxer.hikari.HikariDataSource       : HikariPool-1 - Shutdown completed.
2024-08-21T00:43:07.915+05:30  INFO 16120 --- [production-ready-features] [restartedMain] c.e.p.ProductionReadyFeaturesApplication : Starting ProductionReadyFeaturesApplication using Java 20.0.1 with PID 16120 (C:\Users\harsh\Downloads\production-ready-features\target\classes started by harsh in C:\Users\harsh\Downloads\production-ready-features)
2024-08-21T00:43:07.919+05:30  INFO 16120 --- [production-ready-features] [restartedMain] c.e.p.ProductionReadyFeaturesApplication : No active profile set, falling back to 1 default profile: "default"
2024-08-21T00:43:07.994+05:30  INFO 16120 --- [production-ready-features] [restartedMain] .e.DevToolsPropertyDefaultsPostProcessor : Devtools property defaults active! Set 'spring.devtools.add-properties' to 'false' to disable
2024-08-21T00:43:07.994+05:30  INFO 16120 --- [production-ready-features] [restartedMain] .e.DevToolsPropertyDefaultsPostProcessor : For additional web related logging consider setting the 'logging.level.web' property to 'DEBUG'
2024-08-21T00:43:09.754+05:30  INFO 16120 --- [production-ready-features] [restartedMain] .s.d.r.c.RepositoryConfigurationDelegate : Bootstrapping Spring Data JPA repositories in DEFAULT mode.
2024-08-21T00:43:09.833+05:30  INFO 16120 --- [production-ready-features] [restartedMain] .s.d.r.c.RepositoryConfigurationDelegate : Finished Spring Data repository scanning in 68 ms. Found 1 JPA repository interface.
2024-08-21T00:43:11.199+05:30  INFO 16120 --- [production-ready-features] [restartedMain] o.s.b.w.embedded.tomcat.TomcatWebServer  : Tomcat initialized with port 9000 (http)
2024-08-21T00:43:11.217+05:30  INFO 16120 --- [production-ready-features] [restartedMain] o.apache.catalina.core.StandardService   : Starting service [Tomcat]
2024-08-21T00:43:11.218+05:30  INFO 16120 --- [production-ready-features] [restartedMain] o.apache.catalina.core.StandardEngine    : Starting Servlet engine: [Apache Tomcat/10.1.26]
2024-08-21T00:43:11.293+05:30  INFO 16120 --- [production-ready-features] [restartedMain] o.a.c.c.C.[Tomcat].[localhost].[/]       : Initializing Spring embedded WebApplicationContext
2024-08-21T00:43:11.293+05:30  INFO 16120 --- [production-ready-features] [restartedMain] w.s.c.ServletWebServerApplicationContext : Root WebApplicationContext: initialization completed in 3298 ms
2024-08-21T00:43:11.965+05:30  INFO 16120 --- [production-ready-features] [restartedMain] o.hibernate.jpa.internal.util.LogHelper  : HHH000204: Processing PersistenceUnitInfo [name: default]
2024-08-21T00:43:12.121+05:30  INFO 16120 --- [production-ready-features] [restartedMain] org.hibernate.Version                    : HHH000412: Hibernate ORM core version 6.5.2.Final
2024-08-21T00:43:12.170+05:30  INFO 16120 --- [production-ready-features] [restartedMain] o.h.c.internal.RegionFactoryInitiator    : HHH000026: Second-level cache disabled
2024-08-21T00:43:12.265+05:30  INFO 16120 --- [production-ready-features] [restartedMain] o.h.e.boot.internal.EnversServiceImpl    : Envers integration enabled? : true
2024-08-21T00:43:12.536+05:30  INFO 16120 --- [production-ready-features] [restartedMain] o.s.o.j.p.SpringPersistenceUnitInfo      : No LoadTimeWeaver setup: ignoring JPA class transformer
2024-08-21T00:43:12.576+05:30  INFO 16120 --- [production-ready-features] [restartedMain] com.zaxxer.hikari.HikariDataSource       : HikariPool-1 - Starting...
2024-08-21T00:43:12.734+05:30  INFO 16120 --- [production-ready-features] [restartedMain] com.zaxxer.hikari.pool.HikariPool        : HikariPool-1 - Added connection com.mysql.cj.jdbc.ConnectionImpl@5ef8a93b
2024-08-21T00:43:12.736+05:30  INFO 16120 --- [production-ready-features] [restartedMain] com.zaxxer.hikari.HikariDataSource       : HikariPool-1 - Start completed.
2024-08-21T00:43:13.023+05:30  INFO 16120 --- [production-ready-features] [restartedMain] o.h.e.c.i.m.AuditMetadataGenerator       : Adding properties for entity: com.example.production_ready_features.entities.PostEntity
2024-08-21T00:43:13.832+05:30 ERROR 16120 --- [production-ready-features] [restartedMain] o.h.metamodel.internal.MetadataContext   : HHH015007: Illegal argument on static metamodel field injection : org.hibernate.envers.DefaultRevisionEntity_#class_; expected type :  org.hibernate.metamodel.model.domain.internal.EntityTypeImpl; encountered type : jakarta.persistence.metamodel.MappedSuperclassType
2024-08-21T00:43:13.837+05:30  INFO 16120 --- [production-ready-features] [restartedMain] o.h.e.t.j.p.i.JtaPlatformInitiator       : HHH000489: No JTA platform available (set 'hibernate.transaction.jta.platform' to enable JTA platform integration)
2024-08-21T00:43:13.930+05:30  INFO 16120 --- [production-ready-features] [restartedMain] j.LocalContainerEntityManagerFactoryBean : Initialized JPA EntityManagerFactory for persistence unit 'default'
2024-08-21T00:43:14.746+05:30  WARN 16120 --- [production-ready-features] [restartedMain] JpaBaseConfiguration$JpaWebConfiguration : spring.jpa.open-in-view is enabled by default. Therefore, database queries may be performed during view rendering. Explicitly configure spring.jpa.open-in-view to disable this warning
2024-08-21T00:43:15.861+05:30  INFO 16120 --- [production-ready-features] [restartedMain] o.s.b.d.a.OptionalLiveReloadServer       : LiveReload server is running on port 35729
2024-08-21T00:43:15.876+05:30  INFO 16120 --- [production-ready-features] [restartedMain] o.s.b.a.e.web.EndpointLinksResolver      : Exposing 15 endpoints beneath base path '/actuator'
2024-08-21T00:43:16.006+05:30  INFO 16120 --- [production-ready-features] [restartedMain] o.s.b.w.embedded.tomcat.TomcatWebServer  : Tomcat started on port 9000 (http) with context path '/'
2024-08-21T00:43:16.024+05:30  INFO 16120 --- [production-ready-features] [restartedMain] c.e.p.ProductionReadyFeaturesApplication : Started ProductionReadyFeaturesApplication in 8.721 seconds (process running for 9.552)
2024-08-21T00:43:20.797+05:30  INFO 16120 --- [production-ready-features] [http-nio-9000-exec-4] o.a.c.c.C.[Tomcat].[localhost].[/]       : Initializing Spring DispatcherServlet 'dispatcherServlet'
2024-08-21T00:43:20.798+05:30  INFO 16120 --- [production-ready-features] [http-nio-9000-exec-4] o.s.web.servlet.DispatcherServlet        : Initializing Servlet 'dispatcherServlet'
2024-08-21T00:43:20.800+05:30  INFO 16120 --- [production-ready-features] [http-nio-9000-exec-4] o.s.web.servlet.DispatcherServlet        : Completed initialization in 1 ms
2024-08-21T00:59:04.709+05:30  INFO 16120 --- [production-ready-features] [SpringApplicationShutdownHook] j.LocalContainerEntityManagerFactoryBean : Closing JPA EntityManagerFactory for persistence unit 'default'
2024-08-21T00:59:04.714+05:30  INFO 16120 --- [production-ready-features] [SpringApplicationShutdownHook] com.zaxxer.hikari.HikariDataSource       : HikariPool-1 - Shutdown initiated...
2024-08-21T00:59:04.723+05:30  INFO 16120 --- [production-ready-features] [SpringApplicationShutdownHook] com.zaxxer.hikari.HikariDataSource       : HikariPool-1 - Shutdown completed.
2024-08-21T00:59:11.144+05:30  INFO 36116 --- [production-ready-features] [restartedMain] c.e.p.ProductionReadyFeaturesApplication : Starting ProductionReadyFeaturesApplication using Java 20.0.1 with PID 36116 (C:\Users\harsh\Downloads\production-ready-features\target\classes started by harsh in C:\Users\harsh\Downloads\production-ready-features)
2024-08-21T00:59:11.148+05:30  INFO 36116 --- [production-ready-features] [restartedMain] c.e.p.ProductionReadyFeaturesApplication : No active profile set, falling back to 1 default profile: "default"
2024-08-21T00:59:11.231+05:30  INFO 36116 --- [production-ready-features] [restartedMain] .e.DevToolsPropertyDefaultsPostProcessor : Devtools property defaults active! Set 'spring.devtools.add-properties' to 'false' to disable
2024-08-21T00:59:11.231+05:30  INFO 36116 --- [production-ready-features] [restartedMain] .e.DevToolsPropertyDefaultsPostProcessor : For additional web related logging consider setting the 'logging.level.web' property to 'DEBUG'
2024-08-21T00:59:13.178+05:30  INFO 36116 --- [production-ready-features] [restartedMain] .s.d.r.c.RepositoryConfigurationDelegate : Bootstrapping Spring Data JPA repositories in DEFAULT mode.
2024-08-21T00:59:13.273+05:30  INFO 36116 --- [production-ready-features] [restartedMain] .s.d.r.c.RepositoryConfigurationDelegate : Finished Spring Data repository scanning in 86 ms. Found 1 JPA repository interface.
2024-08-21T00:59:14.565+05:30  INFO 36116 --- [production-ready-features] [restartedMain] o.s.b.w.embedded.tomcat.TomcatWebServer  : Tomcat initialized with port 9000 (http)
2024-08-21T00:59:14.583+05:30  INFO 36116 --- [production-ready-features] [restartedMain] o.apache.catalina.core.StandardService   : Starting service [Tomcat]
2024-08-21T00:59:14.584+05:30  INFO 36116 --- [production-ready-features] [restartedMain] o.apache.catalina.core.StandardEngine    : Starting Servlet engine: [Apache Tomcat/10.1.26]
2024-08-21T00:59:14.662+05:30  INFO 36116 --- [production-ready-features] [restartedMain] o.a.c.c.C.[Tomcat].[localhost].[/]       : Initializing Spring embedded WebApplicationContext
2024-08-21T00:59:14.662+05:30  INFO 36116 --- [production-ready-features] [restartedMain] w.s.c.ServletWebServerApplicationContext : Root WebApplicationContext: initialization completed in 3430 ms
2024-08-21T00:59:15.228+05:30  INFO 36116 --- [production-ready-features] [restartedMain] o.hibernate.jpa.internal.util.LogHelper  : HHH000204: Processing PersistenceUnitInfo [name: default]
2024-08-21T00:59:15.368+05:30  INFO 36116 --- [production-ready-features] [restartedMain] org.hibernate.Version                    : HHH000412: Hibernate ORM core version 6.5.2.Final
2024-08-21T00:59:15.440+05:30  INFO 36116 --- [production-ready-features] [restartedMain] o.h.c.internal.RegionFactoryInitiator    : HHH000026: Second-level cache disabled
2024-08-21T00:59:15.589+05:30  INFO 36116 --- [production-ready-features] [restartedMain] o.h.e.boot.internal.EnversServiceImpl    : Envers integration enabled? : true
2024-08-21T00:59:15.909+05:30  INFO 36116 --- [production-ready-features] [restartedMain] o.s.o.j.p.SpringPersistenceUnitInfo      : No LoadTimeWeaver setup: ignoring JPA class transformer
2024-08-21T00:59:15.947+05:30  INFO 36116 --- [production-ready-features] [restartedMain] com.zaxxer.hikari.HikariDataSource       : HikariPool-1 - Starting...
2024-08-21T00:59:16.097+05:30  INFO 36116 --- [production-ready-features] [restartedMain] com.zaxxer.hikari.pool.HikariPool        : HikariPool-1 - Added connection com.mysql.cj.jdbc.ConnectionImpl@75df9080
2024-08-21T00:59:16.099+05:30  INFO 36116 --- [production-ready-features] [restartedMain] com.zaxxer.hikari.HikariDataSource       : HikariPool-1 - Start completed.
2024-08-21T00:59:16.406+05:30  INFO 36116 --- [production-ready-features] [restartedMain] o.h.e.c.i.m.AuditMetadataGenerator       : Adding properties for entity: com.example.production_ready_features.entities.PostEntity
2024-08-21T00:59:17.113+05:30 ERROR 36116 --- [production-ready-features] [restartedMain] o.h.metamodel.internal.MetadataContext   : HHH015007: Illegal argument on static metamodel field injection : org.hibernate.envers.DefaultRevisionEntity_#class_; expected type :  org.hibernate.metamodel.model.domain.internal.EntityTypeImpl; encountered type : jakarta.persistence.metamodel.MappedSuperclassType
2024-08-21T00:59:17.117+05:30  INFO 36116 --- [production-ready-features] [restartedMain] o.h.e.t.j.p.i.JtaPlatformInitiator       : HHH000489: No JTA platform available (set 'hibernate.transaction.jta.platform' to enable JTA platform integration)
2024-08-21T00:59:17.207+05:30  INFO 36116 --- [production-ready-features] [restartedMain] j.LocalContainerEntityManagerFactoryBean : Initialized JPA EntityManagerFactory for persistence unit 'default'
2024-08-21T00:59:18.048+05:30  WARN 36116 --- [production-ready-features] [restartedMain] JpaBaseConfiguration$JpaWebConfiguration : spring.jpa.open-in-view is enabled by default. Therefore, database queries may be performed during view rendering. Explicitly configure spring.jpa.open-in-view to disable this warning
2024-08-21T00:59:19.535+05:30  INFO 36116 --- [production-ready-features] [restartedMain] o.s.b.d.a.OptionalLiveReloadServer       : LiveReload server is running on port 35729
2024-08-21T00:59:19.554+05:30  INFO 36116 --- [production-ready-features] [restartedMain] o.s.b.a.e.web.EndpointLinksResolver      : Exposing 15 endpoints beneath base path '/actuator'
2024-08-21T00:59:19.681+05:30  INFO 36116 --- [production-ready-features] [restartedMain] o.s.b.w.embedded.tomcat.TomcatWebServer  : Tomcat started on port 9000 (http) with context path '/'
2024-08-21T00:59:19.703+05:30  INFO 36116 --- [production-ready-features] [restartedMain] c.e.p.ProductionReadyFeaturesApplication : Started ProductionReadyFeaturesApplication in 9.127 seconds (process running for 9.74)
2024-08-21T00:59:23.807+05:30  INFO 36116 --- [production-ready-features] [http-nio-9000-exec-1] o.a.c.c.C.[Tomcat].[localhost].[/]       : Initializing Spring DispatcherServlet 'dispatcherServlet'
2024-08-21T00:59:23.807+05:30  INFO 36116 --- [production-ready-features] [http-nio-9000-exec-1] o.s.web.servlet.DispatcherServlet        : Initializing Servlet 'dispatcherServlet'
2024-08-21T00:59:23.809+05:30  INFO 36116 --- [production-ready-features] [http-nio-9000-exec-1] o.s.web.servlet.DispatcherServlet        : Completed initialization in 1 ms
2024-08-21T00:59:24.113+05:30  INFO 36116 --- [production-ready-features] [http-nio-9000-exec-1] o.springdoc.api.AbstractOpenApiResource  : Init duration for springdoc-openapi is: 238 ms
2024-08-21T01:07:48.990+05:30  WARN 36116 --- [production-ready-features] [http-nio-9000-exec-8] .m.m.a.ExceptionHandlerExceptionResolver : Resolved [com.example.production_ready_features.exceptions.ResourceNotFound: Post not found with id1]
2024-08-21T01:16:06.079+05:30  INFO 36116 --- [production-ready-features] [SpringApplicationShutdownHook] j.LocalContainerEntityManagerFactoryBean : Closing JPA EntityManagerFactory for persistence unit 'default'
2024-08-21T01:16:06.084+05:30  INFO 36116 --- [production-ready-features] [SpringApplicationShutdownHook] com.zaxxer.hikari.HikariDataSource       : HikariPool-1 - Shutdown initiated...
2024-08-21T01:16:06.093+05:30  INFO 36116 --- [production-ready-features] [SpringApplicationShutdownHook] com.zaxxer.hikari.HikariDataSource       : HikariPool-1 - Shutdown completed.
